Determining if the pthread_create exist failed with the following output:
Change Dir: /home/mrsang/torob_ws/src/multi_master_bridge/CMakeFiles/CMakeTmp

Run Build Command:"/usr/bin/make" "cmTC_83c7c/fast"
/usr/bin/make -f CMakeFiles/cmTC_83c7c.dir/build.make CMakeFiles/cmTC_83c7c.dir/build
make[1]: Entering directory '/home/mrsang/torob_ws/src/multi_master_bridge/CMakeFiles/CMakeTmp'
Building C object CMakeFiles/cmTC_83c7c.dir/CheckSymbolExists.c.o
/usr/bin/cc     -o CMakeFiles/cmTC_83c7c.dir/CheckSymbolExists.c.o   -c /home/mrsang/torob_ws/src/multi_master_bridge/CMakeFiles/CMakeTmp/CheckSymbolExists.c
Linking C executable cmTC_83c7c
/usr/bin/cmake -E cmake_link_script CMakeFiles/cmTC_83c7c.dir/link.txt --verbose=1
/usr/bin/cc       CMakeFiles/cmTC_83c7c.dir/CheckSymbolExists.c.o  -o cmTC_83c7c -rdynamic 
CMakeFiles/cmTC_83c7c.dir/CheckSymbolExists.c.o: In function `main':
CheckSymbolExists.c:(.text+0x16): undefined reference to `pthread_create'
collect2: error: ld returned 1 exit status
CMakeFiles/cmTC_83c7c.dir/build.make:97: recipe for target 'cmTC_83c7c' failed
make[1]: *** [cmTC_83c7c] Error 1
make[1]: Leaving directory '/home/mrsang/torob_ws/src/multi_master_bridge/CMakeFiles/CMakeTmp'
Makefile:126: recipe for target 'cmTC_83c7c/fast' failed
make: *** [cmTC_83c7c/fast] Error 2

File /home/mrsang/torob_ws/src/multi_master_bridge/CMakeFiles/CMakeTmp/CheckSymbolExists.c:
/* */
#include <pthread.h>

int main(int argc, char** argv)
{
  (void)argv;
#ifndef pthread_create
  return ((int*)(&pthread_create))[argc];
#else
  (void)argc;
  return 0;
#endif
}

Determining if the function pthread_create exists in the pthreads failed with the following output:
Change Dir: /home/mrsang/torob_ws/src/multi_master_bridge/CMakeFiles/CMakeTmp

Run Build Command:"/usr/bin/make" "cmTC_efe4b/fast"
/usr/bin/make -f CMakeFiles/cmTC_efe4b.dir/build.make CMakeFiles/cmTC_efe4b.dir/build
make[1]: Entering directory '/home/mrsang/torob_ws/src/multi_master_bridge/CMakeFiles/CMakeTmp'
Building C object CMakeFiles/cmTC_efe4b.dir/CheckFunctionExists.c.o
/usr/bin/cc    -DCHECK_FUNCTION_EXISTS=pthread_create   -o CMakeFiles/cmTC_efe4b.dir/CheckFunctionExists.c.o   -c /usr/share/cmake-3.5/Modules/CheckFunctionExists.c
Linking C executable cmTC_efe4b
/usr/bin/cmake -E cmake_link_script CMakeFiles/cmTC_efe4b.dir/link.txt --verbose=1
/usr/bin/cc   -DCHECK_FUNCTION_EXISTS=pthread_create    CMakeFiles/cmTC_efe4b.dir/CheckFunctionExists.c.o  -o cmTC_efe4b -rdynamic -lpthreads 
/usr/bin/ld: cannot find -lpthreads
collect2: error: ld returned 1 exit status
CMakeFiles/cmTC_efe4b.dir/build.make:97: recipe for target 'cmTC_efe4b' failed
make[1]: *** [cmTC_efe4b] Error 1
make[1]: Leaving directory '/home/mrsang/torob_ws/src/multi_master_bridge/CMakeFiles/CMakeTmp'
Makefile:126: recipe for target 'cmTC_efe4b/fast' failed
make: *** [cmTC_efe4b/fast] Error 2


